0 info it worked if it ends with ok
1 verbose cli [ '/usr/local/bin/node', '/usr/local/bin/npm', 'run', 'prebuild' ]
2 info using npm@3.3.6
3 info using node@v5.0.0
4 verbose run-script [ 'prebuild' ]
5 info lifecycle sonic-async@0.5.11~prebuild: sonic-async@0.5.11
6 verbose lifecycle sonic-async@0.5.11~prebuild: unsafe-perm in lifecycle true
7 verbose lifecycle sonic-async@0.5.11~prebuild: PATH: /usr/local/lib/node_modules/npm/bin/node-gyp-bin:/home/pl/sonic/node_modules/.bin:/usr/lib64/qt-3.3/bin:/usr/local/bin:/usr/bin:/usr/local/sbin:/usr/sbin:/usr/local/bin:.
8 verbose lifecycle sonic-async@0.5.11~prebuild: CWD: /home/pl/sonic
9 silly lifecycle sonic-async@0.5.11~prebuild: Args: [ '-c', 'jshint ./sonicAsync.js' ]
10 silly lifecycle sonic-async@0.5.11~prebuild: Returned: code: 2  signal: null
11 info lifecycle sonic-async@0.5.11~prebuild: Failed to exec prebuild script
12 verbose stack Error: sonic-async@0.5.11 prebuild: `jshint ./sonicAsync.js`
12 verbose stack Exit status 2
12 verbose stack     at EventEmitter.<anonymous> (/usr/local/lib/node_modules/npm/lib/utils/lifecycle.js:233:16)
12 verbose stack     at emitTwo (events.js:87:13)
12 verbose stack     at EventEmitter.emit (events.js:172:7)
12 verbose stack     at ChildProcess.<anonymous> (/usr/local/lib/node_modules/npm/lib/utils/spawn.js:24:14)
12 verbose stack     at emitTwo (events.js:87:13)
12 verbose stack     at ChildProcess.emit (events.js:172:7)
12 verbose stack     at maybeClose (internal/child_process.js:818:16)
12 verbose stack     at Process.ChildProcess._handle.onexit (internal/child_process.js:211:5)
13 verbose pkgid sonic-async@0.5.11
14 verbose cwd /home/pl/sonic
15 error Linux 3.10.0-229.20.1.el7.x86_64
16 error argv "/usr/local/bin/node" "/usr/local/bin/npm" "run" "prebuild"
17 error node v5.0.0
18 error npm  v3.3.6
19 error code ELIFECYCLE
20 error sonic-async@0.5.11 prebuild: `jshint ./sonicAsync.js`
20 error Exit status 2
21 error Failed at the sonic-async@0.5.11 prebuild script 'jshint ./sonicAsync.js'.
21 error This is most likely a problem with the sonic-async package,
21 error not with npm itself.
21 error Tell the author that this fails on your system:
21 error     jshint ./sonicAsync.js
21 error You can get their info via:
21 error     npm owner ls sonic-async
21 error There is likely additional logging output above.
22 verbose exit [ 1, true ]
